<?xml version="1.0" encoding="UTF-8"?>
<!-- Generated by org.testng.reporters.JUnitXMLReporter -->
<testsuite ignored="0" hostname="jayavivek" failures="5" tests="5" name="Test" time="6.156" errors="0" timestamp="2024-09-20T09:53:04 IST">
  <testcase classname="com.IPT_Project.RunnerClassAmazon" name="@AfterTest termination" time="0.001">
    <failure type="java.lang.NullPointerException" message="Cannot invoke &amp;quot;org.openqa.selenium.WebDriver.quit()&amp;quot; because &amp;quot;driver&amp;quot; is null">
      <![CDATA[java.lang.NullPointerException: Cannot invoke "org.openqa.selenium.WebDriver.quit()" because "driver" is null
at com.IPT_Project.BaseClass.quit(BaseClass.java:229)
at com.IPT_Project.RunnerClassAmazon.termination(RunnerClassAmazon.java:74)
... Removed 22 stack frames]]>
    </failure>
  </testcase> <!-- @AfterTest termination -->
  <testcase classname="com.IPT_Project.RunnerClassAmazon" name="invalidMailId" time="0.361">
    <failure type="java.lang.NullPointerException" message="Cannot invoke &amp;quot;com.aventstack.extentreports.ExtentTest.pass(String, com.aventstack.extentreports.model.Media)&amp;quot; because &amp;quot;com.listener.ExtendReport_Test.extentTest&amp;quot; is null">
      <![CDATA[java.lang.NullPointerException: Cannot invoke "com.aventstack.extentreports.ExtentTest.pass(String, com.aventstack.extentreports.model.Media)" because "com.listener.ExtendReport_Test.extentTest" is null
at com.listener.iTestListenerClass.onTestStart(iTestListenerClass.java:22)
at java.base/java.util.concurrent.ThreadPoolExecutor.runWorker(ThreadPoolExecutor.java:1144)
at java.base/java.util.concurrent.ThreadPoolExecutor$Worker.run(ThreadPoolExecutor.java:642)
at java.base/java.lang.Thread.run(Thread.java:1570)
... Removed 9 stack frames]]>
    </failure>
  </testcase> <!-- invalidMailId -->
  <testcase classname="com.IPT_Project.RunnerClassAmazon" name="nullPassword" time="0.567">
    <failure type="java.lang.NullPointerException" message="Cannot invoke &amp;quot;com.aventstack.extentreports.ExtentTest.pass(String, com.aventstack.extentreports.model.Media)&amp;quot; because &amp;quot;com.listener.ExtendReport_Test.extentTest&amp;quot; is null">
      <![CDATA[java.lang.NullPointerException: Cannot invoke "com.aventstack.extentreports.ExtentTest.pass(String, com.aventstack.extentreports.model.Media)" because "com.listener.ExtendReport_Test.extentTest" is null
at com.listener.iTestListenerClass.onTestStart(iTestListenerClass.java:22)
at java.base/java.util.concurrent.ThreadPoolExecutor.runWorker(ThreadPoolExecutor.java:1144)
at java.base/java.util.concurrent.ThreadPoolExecutor$Worker.run(ThreadPoolExecutor.java:642)
at java.base/java.lang.Thread.run(Thread.java:1570)
... Removed 9 stack frames]]>
    </failure>
  </testcase> <!-- nullPassword -->
  <testcase classname="com.IPT_Project.RunnerClassAmazon" name="nullMail" time="0.797">
    <failure type="java.lang.NullPointerException" message="Cannot invoke &amp;quot;com.aventstack.extentreports.ExtentTest.pass(String, com.aventstack.extentreports.model.Media)&amp;quot; because &amp;quot;com.listener.ExtendReport_Test.extentTest&amp;quot; is null">
      <![CDATA[java.lang.NullPointerException: Cannot invoke "com.aventstack.extentreports.ExtentTest.pass(String, com.aventstack.extentreports.model.Media)" because "com.listener.ExtendReport_Test.extentTest" is null
at com.listener.iTestListenerClass.onTestStart(iTestListenerClass.java:22)
at java.base/java.util.concurrent.ThreadPoolExecutor.runWorker(ThreadPoolExecutor.java:1144)
at java.base/java.util.concurrent.ThreadPoolExecutor$Worker.run(ThreadPoolExecutor.java:642)
at java.base/java.lang.Thread.run(Thread.java:1570)
... Removed 9 stack frames]]>
    </failure>
  </testcase> <!-- nullMail -->
  <testcase classname="com.IPT_Project.RunnerClassAmazon" name="invalidPassword" time="1.008">
    <failure type="java.lang.NullPointerException" message="Cannot invoke &amp;quot;com.aventstack.extentreports.ExtentTest.pass(String, com.aventstack.extentreports.model.Media)&amp;quot; because &amp;quot;com.listener.ExtendReport_Test.extentTest&amp;quot; is null">
      <![CDATA[java.lang.NullPointerException: Cannot invoke "com.aventstack.extentreports.ExtentTest.pass(String, com.aventstack.extentreports.model.Media)" because "com.listener.ExtendReport_Test.extentTest" is null
at com.listener.iTestListenerClass.onTestStart(iTestListenerClass.java:22)
at java.base/java.util.concurrent.ThreadPoolExecutor.runWorker(ThreadPoolExecutor.java:1144)
at java.base/java.util.concurrent.ThreadPoolExecutor$Worker.run(ThreadPoolExecutor.java:642)
at java.base/java.lang.Thread.run(Thread.java:1570)
... Removed 9 stack frames]]>
    </failure>
  </testcase> <!-- invalidPassword -->
  <testcase classname="com.IPT_Project.RunnerClassAmazon" name="validLoginTest" time="1.208">
    <failure type="java.lang.NullPointerException" message="Cannot invoke &amp;quot;com.aventstack.extentreports.ExtentTest.pass(String, com.aventstack.extentreports.model.Media)&amp;quot; because &amp;quot;com.listener.ExtendReport_Test.extentTest&amp;quot; is null">
      <![CDATA[java.lang.NullPointerException: Cannot invoke "com.aventstack.extentreports.ExtentTest.pass(String, com.aventstack.extentreports.model.Media)" because "com.listener.ExtendReport_Test.extentTest" is null
at com.listener.iTestListenerClass.onTestStart(iTestListenerClass.java:22)
at java.base/java.util.concurrent.ThreadPoolExecutor.runWorker(ThreadPoolExecutor.java:1144)
at java.base/java.util.concurrent.ThreadPoolExecutor$Worker.run(ThreadPoolExecutor.java:642)
at java.base/java.lang.Thread.run(Thread.java:1570)
... Removed 9 stack frames]]>
    </failure>
  </testcase> <!-- validLoginTest -->
</testsuite> <!-- Test -->
